<?xml version="1.0" encoding="UTF-8"?>
<!-- Generated by org.testng.reporters.JUnitXMLReporter -->
<testsuite ignored="0" hostname="vinod" failures="0" tests="2" name="Default test" time="0.133" errors="0" timestamp="2022-02-14T23:06:10 IST">
  <testcase classname="tests.VerifyHeaderOfApplication" name="@BeforeTest launchBrowser" time="-1.644860169916E9">
    <failure type="org.testng.TestNGException" message="
Parameter &amp;apos;browser&amp;apos; is required by BeforeTest on method launchBrowser but has not been marked @Optional or defined
in C:\Users\Hp\AppData\Local\Temp\testng-eclipse-1571623495\testng-customsuite.xml">
      <![CDATA[org.testng.TestNGException: 
Parameter 'browser' is required by BeforeTest on method launchBrowser but has not been marked @Optional or defined
in C:\Users\Hp\AppData\Local\Temp\testng-eclipse-1571623495\testng-customsuite.xml
at org.testng.internal.Parameters.createParams(Parameters.java:270)
at org.testng.internal.Parameters.createParametersForMethod(Parameters.java:358)
at org.testng.internal.Parameters.createParameters(Parameters.java:700)
at org.testng.internal.Parameters.createConfigurationParameters(Parameters.java:168)
at org.testng.internal.ConfigInvoker.invokeConfigurations(ConfigInvoker.java:302)
at org.testng.TestRunner.invokeTestConfigurations(TestRunner.java:637)
at org.testng.TestRunner.beforeRun(TestRunner.java:627)
at org.testng.TestRunner.run(TestRunner.java:589)
at org.testng.SuiteRunner.runTest(SuiteRunner.java:377)
at org.testng.SuiteRunner.runSequentially(SuiteRunner.java:371)
at org.testng.SuiteRunner.privateRun(SuiteRunner.java:332)
at org.testng.SuiteRunner.run(SuiteRunner.java:276)
at org.testng.SuiteRunnerWorker.runSuite(SuiteRunnerWorker.java:53)
at org.testng.SuiteRunnerWorker.run(SuiteRunnerWorker.java:96)
at org.testng.TestNG.runSuitesSequentially(TestNG.java:1212)
at org.testng.TestNG.runSuitesLocally(TestNG.java:1134)
at org.testng.TestNG.runSuites(TestNG.java:1063)
at org.testng.TestNG.run(TestNG.java:1031)
at org.testng.remote.AbstractRemoteTestNG.run(AbstractRemoteTestNG.java:115)
at org.testng.remote.RemoteTestNG.initAndRun(RemoteTestNG.java:251)
at org.testng.remote.RemoteTestNG.main(RemoteTestNG.java:77)
]]>
    </failure>
  </testcase> <!-- @BeforeTest launchBrowser -->
  <testcase classname="tests.VerifyHeaderOfApplication" name="@BeforeClass createPOMobject" time="-1.644860169963E9">
    <skipped/>
  </testcase> <!-- @BeforeClass createPOMobject -->
  <testcase classname="tests.VerifyHeaderOfApplication" name="@BeforeMethod loginToApplication" time="-1.644860169987E9">
    <skipped/>
  </testcase> <!-- @BeforeMethod loginToApplication -->
  <testcase classname="tests.VerifyHeaderOfApplication" name="@AfterMethod logoutFromApplication" time="-1.64486017E9">
    <skipped/>
  </testcase> <!-- @AfterMethod logoutFromApplication -->
  <testcase classname="tests.VerifyHeaderOfApplication" name="@BeforeMethod loginToApplication" time="-1.644860170005E9">
    <skipped/>
  </testcase> <!-- @BeforeMethod loginToApplication -->
  <testcase classname="tests.VerifyHeaderOfApplication" name="@AfterMethod logoutFromApplication" time="-1.644860170021E9">
    <skipped/>
  </testcase> <!-- @AfterMethod logoutFromApplication -->
  <testcase classname="tests.VerifyHeaderOfApplication" name="@AfterClass clearPOMObject" time="-1.644860170027E9">
    <skipped/>
  </testcase> <!-- @AfterClass clearPOMObject -->
  <testcase classname="tests.VerifyHeaderOfApplication" name="@AfterTest closeBrowser" time="-1.644860170034E9">
    <skipped/>
  </testcase> <!-- @AfterTest closeBrowser -->
  <testcase classname="tests.VerifyHeaderOfApplication" name="toVerifyTaskButton" time="0.0">
    <skipped/>
  </testcase> <!-- toVerifyTaskButton -->
  <testcase classname="tests.VerifyHeaderOfApplication" name="verifyUserTab" time="0.0">
    <skipped/>
  </testcase> <!-- verifyUserTab -->
</testsuite> <!-- Default test -->
